npm ERR! code EACCES
npm ERR! syscall scandir
npm ERR! path /root/.npm/_logs
npm ERR! errno -13
npm ERR! 
npm ERR! Your cache folder contains root-owned files, due to a bug in
npm ERR! previous versions of npm which has since been addressed.
npm ERR! 
npm ERR! To permanently fix this problem, please run:
npm ERR!   sudo chown -R 1000:1000 "/root/.npm"
glob error [Error: EACCES: permission denied, scandir '/root/.npm/_logs'] {
  errno: -13,
  code: 'EACCES',
  syscall: 'scandir',
  path: '/root/.npm/_logs'
}
gyp WARN EACCES current user ("costantinos") does not have permission to access the dev dir "/root/.cache/node-gyp/12.18.4"
gyp WARN EACCES attempting to reinstall using temporary dev dir "/home/costantinos/Documenti/meme/node_modules/ursa-optional/.node-gyp"
In file included from ../src/ursaNative.h:10,
                 from ../src/ursaNative.cc:3:
../../nan/nan.h: In function ‘void Nan::AsyncQueueWorker(Nan::AsyncWorker*)’:
../../nan/nan.h:2298:62: warning: cast between incompatible function types from ‘void (*)(uv_work_t*)’ {aka ‘void (*)(uv_work_s*)’} to ‘uv_after_work_cb’ {aka ‘void (*)(uv_work_s*, int)’} [-Wcast-function-type]
 2298 |     , reinterpret_cast<uv_after_work_cb>(AsyncExecuteComplete)
      |                                                              ^
In file included from ../src/ursaNative.h:9,
                 from ../src/ursaNative.cc:3:
../src/ursaNative.cc: At global scope:
/home/costantinos/Documenti/meme/node_modules/ursa-optional/.node-gyp/12.18.4/include/node/node.h:608:43: warning: cast between incompatible function types from ‘void (*)(v8::Local<v8::Object>)’ to ‘node::addon_register_func’ {aka ‘void (*)(v8::Local<v8::Object>, v8::Local<v8::Value>, void*)’} [-Wcast-function-type]
  608 |       (node::addon_register_func) (regfunc),                          \
      |                                           ^
/home/costantinos/Documenti/meme/node_modules/ursa-optional/.node-gyp/12.18.4/include/node/node.h:642:3: note: in expansion of macro ‘NODE_MODULE_X’
  642 |   NODE_MODULE_X(modname, regfunc, NULL, 0)  // NOLINT (readability/null_usage)
      |   ^~~~~~~~~~~~~
../src/ursaNative.cc:389:1: note: in expansion of macro ‘NODE_MODULE’
  389 | NODE_MODULE(ursaNative, init)
      | ^~~~~~~~~~~
npm ERR! Callback called more than once.
